<?xml version="1.0" encoding="UTF-8"?>
<testsuite xmlns:xsi="http://www.w3.org/2001/XMLSchema-instance" xsi:noNamespaceSchemaLocation="https://maven.apache.org/surefire/maven-surefire-plugin/xsd/surefire-test-report.xsd" version="3.0.2" name="xyz.hw2.myledger.MyLedgerApplicationTests" time="5.601" tests="1" errors="0" skipped="0" failures="0">
  <properties>
[...]
</properties>
  <testcase name="contextLoads" classname="xyz.hw2.myledger.MyLedgerApplicationTests" time="0.495">
    <system-out><![CDATA[13:52:02.206 [main] INFO org.springframework.test.context.support.AnnotationConfigContextLoaderUtils -- Could not detect default configuration classes for test class [xyz.hw2.myledger.MyLedgerApplicationTests]: MyLedgerApplicationTests does not declare any static, non-private, non-final, nested classes annotated with @Configuration.
13:52:02.335 [main] INFO org.springframework.boot.test.context.SpringBootTestContextBootstrapper -- Found @SpringBootConfiguration xyz.hw2.myledger.MyLedgerApplication for test class xyz.hw2.myledger.MyLedgerApplicationTests

  .   ____          _            __ _ _
 /\\ / ___'_ __ _ _(_)_ __  __ _ \ \ \ \
( ( )\___ | '_ | '_| | '_ \/ _` | \ \ \ \
 \\/  ___)| |_)| | | | | || (_| |  ) ) ) )
  '  |____| .__|_| |_|_| |_\__, | / / / /
 =========|_|==============|___/=/_/_/_/

 :: Spring Boot ::                (v3.4.0)

2024-12-20T13:52:02.841+08:00  INFO 10612 --- [my-ledger] [           main] x.hw2.myledger.MyLedgerApplicationTests  : Starting MyLedgerApplicationTests using Java 21.0.4 with PID 10612 (started by taket in D:\Projects\my-ledger)
2024-12-20T13:52:02.842+08:00  INFO 10612 --- [my-ledger] [           main] x.hw2.myledger.MyLedgerApplicationTests  : No active profile set, falling back to 1 default profile: "default"
2024-12-20T13:52:03.695+08:00  INFO 10612 --- [my-ledger] [           main] .s.d.r.c.RepositoryConfigurationDelegate : Bootstrapping Spring Data JPA repositories in DEFAULT mode.
2024-12-20T13:52:03.772+08:00  INFO 10612 --- [my-ledger] [           main] .s.d.r.c.RepositoryConfigurationDelegate : Finished Spring Data repository scanning in 58 ms. Found 2 JPA repository interfaces.
2024-12-20T13:52:04.381+08:00  INFO 10612 --- [my-ledger] [           main] o.hibernate.jpa.internal.util.LogHelper  : HHH000204: Processing PersistenceUnitInfo [name: default]
2024-12-20T13:52:04.458+08:00  INFO 10612 --- [my-ledger] [           main] org.hibernate.Version                    : HHH000412: Hibernate ORM core version 6.1.7.Final
2024-12-20T13:52:04.955+08:00  INFO 10612 --- [my-ledger] [           main] com.zaxxer.hikari.HikariDataSource       : HikariPool-1 - Starting...
2024-12-20T13:52:05.158+08:00  INFO 10612 --- [my-ledger] [           main] com.zaxxer.hikari.pool.HikariPool        : HikariPool-1 - Added connection com.mysql.cj.jdbc.ConnectionImpl@26bb92e2
2024-12-20T13:52:05.160+08:00  INFO 10612 --- [my-ledger] [           main] com.zaxxer.hikari.HikariDataSource       : HikariPool-1 - Start completed.
2024-12-20T13:52:05.175+08:00  INFO 10612 --- [my-ledger] [           main] SQL dialect                              : HHH000400: Using dialect: org.hibernate.dialect.MySQL8Dialect
2024-12-20T13:52:05.177+08:00  WARN 10612 --- [my-ledger] [           main] org.hibernate.orm.deprecation            : HHH90000026: MySQL8Dialect has been deprecated; use org.hibernate.dialect.MySQLDialect instead
2024-12-20T13:52:05.882+08:00  INFO 10612 --- [my-ledger] [           main] o.h.e.t.j.p.i.JtaPlatformInitiator       : HHH000490: Using JtaPlatform implementation: [org.hibernate.engine.transaction.jta.platform.internal.NoJtaPlatform]
2024-12-20T13:52:05.890+08:00  INFO 10612 --- [my-ledger] [           main] j.LocalContainerEntityManagerFactoryBean : Initialized JPA EntityManagerFactory for persistence unit 'default'
2024-12-20T13:52:06.553+08:00  WARN 10612 --- [my-ledger] [           main] JpaBaseConfiguration$JpaWebConfiguration : spring.jpa.open-in-view is enabled by default. Therefore, database queries may be performed during view rendering. Explicitly configure spring.jpa.open-in-view to disable this warning
2024-12-20T13:52:06.948+08:00  WARN 10612 --- [my-ledger] [           main] ion$DefaultTemplateResolverConfiguration : Cannot find template location: classpath:/templates/ (please add some templates, check your Thymeleaf configuration, or set spring.thymeleaf.check-template-location=false)
2024-12-20T13:52:07.107+08:00  INFO 10612 --- [my-ledger] [           main] x.hw2.myledger.MyLedgerApplicationTests  : Started MyLedgerApplicationTests in 4.588 seconds (process running for 5.716)
]]></system-out>
    <system-err><![CDATA[Mockito is currently self-attaching to enable the inline-mock-maker. This will no longer work in future releases of the JDK. Please add Mockito as an agent to your build what is described in Mockito's documentation: https://javadoc.io/doc/org.mockito/mockito-core/latest/org/mockito/Mockito.html#0.3
WARNING: A Java agent has been loaded dynamically (C:\Users\taket\.m2\repository\net\bytebuddy\byte-buddy-agent\1.15.10\byte-buddy-agent-1.15.10.jar)
WARNING: If a serviceability tool is in use, please run with -XX:+EnableDynamicAgentLoading to hide this warning
WARNING: If a serviceability tool is not in use, please run with -Djdk.instrument.traceUsage for more information
WARNING: Dynamic loading of agents will be disallowed by default in a future release
]]></system-err>
  </testcase>
</testsuite>